[2023-03-17T17:22:41] INFO: connect failed  0.0.0.0: 9999
[2023-03-17T17:22:41] INFO: Send train No: 3[2023-03-17T17:22:41] INFO: select positive return, ret 1
[2023-03-17T17:22:41] INFO: Sock 4  receive data : 178
[2023-03-17T17:22:41] INFO: unpack info 147:178:255 --- 178
[2023-03-17T17:22:41] INFO: Get ACK from SIEMENTS ack: 0[2023-03-17T17:22:42] WARNING: Not ready for sending[2023-03-17T17:22:42] WARNING: Not ready for sending[2023-03-17T17:22:42] WARNING: Not ready for sending[2023-03-17T17:22:42] WARNING: Not ready for sending[2023-03-17T17:22:42] WARNING: Not ready for sending[2023-03-17T17:22:43] WARNING: Not ready for sending[2023-03-17T17:22:43] WARNING: Not ready for sending[2023-03-17T17:22:43] WARNING: Not ready for sending[2023-03-17T17:22:43] WARNING: Not ready for sending[2023-03-17T17:22:43] WARNING: Not ready for sending[2023-03-17T17:22:44] WARNING: Not ready for sending[2023-03-17T17:22:44] WARNING: Not ready for sending[2023-03-17T17:22:44] WARNING: Not ready for sending[2023-03-17T17:22:44] WARNING: Not ready for sending[2023-03-17T17:22:45] WARNING: Not ready for sending[2023-03-17T17:22:45] WARNING: Not ready for sending[2023-03-17T17:22:45] WARNING: Not ready for sending[2023-03-17T17:22:45] WARNING: Not ready for sending[2023-03-17T17:22:45] WARNING: Not ready for sending[2023-03-17T17:22:46] WARNING: Not ready for sending[2023-03-17T17:22:46] WARNING: Not ready for sending[2023-03-17T17:22:46] WARNING: Not ready for sending[2023-03-17T17:22:46] WARNING: Not ready for sending[2023-03-17T17:22:46] WARNING: Not ready for sending[2023-03-17T17:22:47] WARNING: Not ready for sending[2023-03-17T17:22:47] WARNING: Not ready for sending[2023-03-17T17:22:47] WARNING: Not ready for sending[2023-03-17T17:22:47] WARNING: Not ready for sending[2023-03-17T17:22:47] WARNING: Not ready for sending[2023-03-17T17:22:48] WARNING: Not ready for sending[2023-03-17T17:22:48] WARNING: Not ready for sending[2023-03-17T17:22:48] WARNING: Not ready for sending[2023-03-17T17:22:48] WARNING: Not ready for sending[2023-03-17T17:22:48] WARNING: Not ready for sending[2023-03-17T17:22:49] WARNING: Not ready for sending[2023-03-17T17:22:49] WARNING: Not ready for sending[2023-03-17T17:22:49] WARNING: Not ready for sending[2023-03-17T17:22:49] WARNING: Not ready for sending[2023-03-17T17:22:49] WARNING: Not ready for sending[2023-03-17T17:22:50] WARNING: Not ready for sending[2023-03-17T17:22:50] WARNING: Not ready for sending[2023-03-17T17:22:50] WARNING: Not ready for sending[2023-03-17T17:22:50] WARNING: Not ready for sending[2023-03-17T17:22:50] WARNING: Not ready for sending[2023-03-17T17:22:51] WARNING: Not ready for sending[2023-03-17T17:22:51] WARNING: Not ready for sending[2023-03-17T17:22:51] WARNING: Not ready for sending[2023-03-17T17:22:51] INFO: connect failed  0.0.0.0: 9999
[2023-03-17T17:22:51] INFO: Send train No: 3[2023-03-17T17:22:51] INFO: select positive return, ret 1
[2023-03-17T17:22:51] INFO: Sock 5  receive data : 178
[2023-03-17T17:22:51] INFO: unpack info 147:178:255 --- 178
[2023-03-17T17:22:51] INFO: Get ACK from SIEMENTS ack: 0[2023-03-17T17:22:52] WARNING: Not ready for sending[2023-03-17T17:22:52] WARNING: Not ready for sending[2023-03-17T17:22:52] WARNING: Not ready for sending[2023-03-17T17:22:52] WARNING: Not ready for sending[2023-03-17T17:22:53] WARNING: Not ready for sending[2023-03-17T17:22:53] WARNING: Not ready for sending[2023-03-17T17:22:53] WARNING: Not ready for sending[2023-03-17T17:22:53] WARNING: Not ready for sending[2023-03-17T17:22:53] WARNING: Not ready for sending[2023-03-17T17:22:54] WARNING: Not ready for sending[2023-03-17T17:22:54] WARNING: Not ready for sending[2023-03-17T17:22:54] WARNING: Not ready for sending[2023-03-17T17:22:54] WARNING: Not ready for sending[2023-03-17T17:22:54] WARNING: Not ready for sending[2023-03-17T17:22:55] WARNING: Not ready for sending[2023-03-17T17:22:55] WARNING: Not ready for sending[2023-03-17T17:22:55] WARNING: Not ready for sending[2023-03-17T17:22:55] WARNING: Not ready for sending[2023-03-17T17:22:55] WARNING: Not ready for sending[2023-03-17T17:22:56] WARNING: Not ready for sending[2023-03-17T17:22:56] WARNING: Not ready for sending[2023-03-17T17:22:56] WARNING: Not ready for sending[2023-03-17T17:22:56] WARNING: Not ready for sending[2023-03-17T17:22:56] WARNING: Not ready for sending[2023-03-17T17:22:57] WARNING: Not ready for sending[2023-03-17T17:22:57] WARNING: Not ready for sending[2023-03-17T17:22:57] WARNING: Not ready for sending[2023-03-17T17:22:57] WARNING: Not ready for sending[2023-03-17T17:22:57] WARNING: Not ready for sending[2023-03-17T17:22:58] WARNING: Not ready for sending[2023-03-17T17:22:58] WARNING: Not ready for sending[2023-03-17T17:22:58] WARNING: Not ready for sending[2023-03-17T17:22:58] WARNING: Not ready for sending[2023-03-17T17:22:58] WARNING: Not ready for sending[2023-03-17T17:22:59] WARNING: Not ready for sending[2023-03-17T17:22:59] WARNING: Not ready for sending[2023-03-17T17:22:59] WARNING: Not ready for sending[2023-03-17T17:22:59] WARNING: Not ready for sending[2023-03-17T17:22:59] WARNING: Not ready for sending[2023-03-17T17:23:00] WARNING: Not ready for sending[2023-03-17T17:23:00] WARNING: Not ready for sending[2023-03-17T17:23:00] WARNING: Not ready for sending[2023-03-17T17:23:00] WARNING: Not ready for sending[2023-03-17T17:23:00] WARNING: Not ready for sending[2023-03-17T17:23:01] WARNING: Not ready for sending[2023-03-17T17:23:01] WARNING: Not ready for sending[2023-03-17T17:23:01] WARNING: Not ready for sending[2023-03-17T17:23:01] INFO: connect failed  0.0.0.0: 9999
[2023-03-17T17:23:01] INFO: Send train No: 3[2023-03-17T17:23:02] INFO: select positive return, ret 1
[2023-03-17T17:23:02] INFO: Sock 6  receive data : 178
[2023-03-17T17:23:02] INFO: unpack info 147:178:255 --- 178
[2023-03-17T17:23:02] INFO: Get ACK from SIEMENTS ack: 0[2023-03-17T17:23:02] WARNING: Not ready for sending[2023-03-17T17:23:02] WARNING: Not ready for sending[2023-03-17T17:23:02] WARNING: Not ready for sending[2023-03-17T17:23:02] WARNING: Not ready for sending[2023-03-17T17:23:03] WARNING: Not ready for sending[2023-03-17T17:23:03] WARNING: Not ready for sending[2023-03-17T17:23:03] WARNING: Not ready for sending[2023-03-17T17:23:03] WARNING: Not ready for sending[2023-03-17T17:23:03] WARNING: Not ready for sending[2023-03-17T17:23:04] WARNING: Not ready for sending[2023-03-17T17:23:04] WARNING: Not ready for sending[2023-03-17T17:23:04] WARNING: Not ready for sending[2023-03-17T17:23:04] WARNING: Not ready for sending[2023-03-17T17:23:04] WARNING: Not ready for sending[2023-03-17T17:23:05] WARNING: Not ready for sending[2023-03-17T17:23:05] WARNING: Not ready for sending[2023-03-17T17:23:05] WARNING: Not ready for sending[2023-03-17T17:23:05] WARNING: Not ready for sending[2023-03-17T17:23:05] WARNING: Not ready for sending[2023-03-17T17:23:06] WARNING: Not ready for sending[2023-03-17T17:23:06] WARNING: Not ready for sending[2023-03-17T17:23:06] WARNING: Not ready for sending[2023-03-17T17:23:06] WARNING: Not ready for sending[2023-03-17T17:23:07] WARNING: Not ready for sending[2023-03-17T17:23:07] WARNING: Not ready for sending[2023-03-17T17:23:07] WARNING: Not ready for sending[2023-03-17T17:23:07] WARNING: Not ready for sending[2023-03-17T17:23:07] WARNING: Not ready for sending[2023-03-17T17:23:08] WARNING: Not ready for sending[2023-03-17T17:23:08] WARNING: Not ready for sending[2023-03-17T17:23:08] WARNING: Not ready for sending[2023-03-17T17:23:08] WARNING: Not ready for sending[2023-03-17T17:23:08] WARNING: Not ready for sending[2023-03-17T17:23:09] WARNING: Not ready for sending[2023-03-17T17:23:09] WARNING: Not ready for sending[2023-03-17T17:23:09] WARNING: Not ready for sending[2023-03-17T17:23:09] WARNING: Not ready for sending[2023-03-17T17:23:09] WARNING: Not ready for sending[2023-03-17T17:23:10] WARNING: Not ready for sending[2023-03-17T17:23:10] WARNING: Not ready for sending[2023-03-17T17:23:10] WARNING: Not ready for sending[2023-03-17T17:23:10] WARNING: Not ready for sending[2023-03-17T17:23:10] WARNING: Not ready for sending[2023-03-17T17:23:11] WARNING: Not ready for sending[2023-03-17T17:23:11] WARNING: Not ready for sending[2023-03-17T17:23:11] WARNING: Not ready for sending[2023-03-17T17:23:11] WARNING: Not ready for sending[2023-03-17T17:23:11] INFO: connect failed  0.0.0.0: 9999
[2023-03-17T17:23:12] INFO: Send train No: 3[2023-03-17T17:23:12] INFO: select positive return, ret 1
[2023-03-17T17:23:12] INFO: Sock 7  receive data : 178
[2023-03-17T17:23:12] INFO: unpack info 147:178:255 --- 178
[2023-03-17T17:23:12] INFO: Get ACK from SIEMENTS ack: 0[2023-03-17T17:23:12] WARNING: Not ready for sending[2023-03-17T17:23:12] WARNING: Not ready for sending[2023-03-17T17:23:12] WARNING: Not ready for sending[2023-03-17T17:23:13] WARNING: Not ready for sending[2023-03-17T17:23:13] WARNING: Not ready for sending[2023-03-17T17:23:13] WARNING: Not ready for sending[2023-03-17T17:23:13] WARNING: Not ready for sending[2023-03-17T17:23:13] WARNING: Not ready for sending[2023-03-17T17:23:14] WARNING: Not ready for sending[2023-03-17T17:23:14] WARNING: Not ready for sending[2023-03-17T17:23:14] WARNING: Not ready for sending[2023-03-17T17:23:14] WARNING: Not ready for sending[2023-03-17T17:23:14] WARNING: Not ready for sending[2023-03-17T17:23:15] WARNING: Not ready for sending[2023-03-17T17:23:15] WARNING: Not ready for sending[2023-03-17T17:23:15] WARNING: Not ready for sending[2023-03-17T17:23:15] WARNING: Not ready for sending[2023-03-17T17:23:15] WARNING: Not ready for sending[2023-03-17T17:23:16] WARNING: Not ready for sending[2023-03-17T17:23:16] WARNING: Not ready for sending[2023-03-17T17:23:16] WARNING: Not ready for sending[2023-03-17T17:23:16] WARNING: Not ready for sending[2023-03-17T17:23:17] WARNING: Not ready for sending[2023-03-17T17:23:17] WARNING: Not ready for sending[2023-03-17T17:23:17] WARNING: Not ready for sending[2023-03-17T17:23:17] WARNING: Not ready for sending[2023-03-17T17:23:17] WARNING: Not ready for sending[2023-03-17T17:23:18] WARNING: Not ready for sending[2023-03-17T17:23:18] WARNING: Not ready for sending[2023-03-17T17:23:18] WARNING: Not ready for sending[2023-03-17T17:23:18] WARNING: Not ready for sending[2023-03-17T17:23:18] WARNING: Not ready for sending[2023-03-17T17:23:19] WARNING: Not ready for sending[2023-03-17T17:23:19] WARNING: Not ready for sending[2023-03-17T17:23:19] WARNING: Not ready for sending[2023-03-17T17:23:19] WARNING: Not ready for sending[2023-03-17T17:23:19] WARNING: Not ready for sending[2023-03-17T17:23:20] WARNING: Not ready for sending[2023-03-17T17:23:20] WARNING: Not ready for sending[2023-03-17T17:23:20] WARNING: Not ready for sending[2023-03-17T17:23:20] WARNING: Not ready for sending[2023-03-17T17:23:20] WARNING: Not ready for sending[2023-03-17T17:23:21] WARNING: Not ready for sending[2023-03-17T17:23:21] WARNING: Not ready for sending[2023-03-17T17:23:21] WARNING: Not ready for sending[2023-03-17T17:23:21] WARNING: Not ready for sending[2023-03-17T17:23:21] INFO: connect failed  0.0.0.0: 9999
[2023-03-17T17:23:21] INFO: Send train No: 3[2023-03-17T17:23:22] INFO: select positive return, ret 1
[2023-03-17T17:23:22] INFO: Sock 8  receive data : 178
[2023-03-17T17:23:22] INFO: unpack info 147:178:255 --- 178
[2023-03-17T17:23:22] INFO: Get ACK from SIEMENTS ack: 0[2023-03-17T17:23:22] WARNING: Not ready for sending[2023-03-17T17:23:22] WARNING: Not ready for sending[2023-03-17T17:23:22] WARNING: Not ready for sending[2023-03-17T17:23:22] WARNING: Not ready for sending[2023-03-17T17:23:23] WARNING: Not ready for sending[2023-03-17T17:23:23] WARNING: Not ready for sending[2023-03-17T17:23:23] WARNING: Not ready for sending[2023-03-17T17:23:23] WARNING: Not ready for sending[2023-03-17T17:23:24] WARNING: Not ready for sending[2023-03-17T17:23:24] WARNING: Not ready for sending[2023-03-17T17:23:24] WARNING: Not ready for sending[2023-03-17T17:23:24] WARNING: Not ready for sending[2023-03-17T17:23:24] WARNING: Not ready for sending[2023-03-17T17:23:25] WARNING: Not ready for sending[2023-03-17T17:23:25] WARNING: Not ready for sending[2023-03-17T17:23:25] WARNING: Not ready for sending[2023-03-17T17:23:25] WARNING: Not ready for sending[2023-03-17T17:23:25] WARNING: Not ready for sending[2023-03-17T17:23:26] WARNING: Not ready for sending[2023-03-17T17:23:26] WARNING: Not ready for sending[2023-03-17T17:23:26] WARNING: Not ready for sending[2023-03-17T17:23:26] WARNING: Not ready for sending[2023-03-17T17:23:26] WARNING: Not ready for sending[2023-03-17T17:23:27] WARNING: Not ready for sending[2023-03-17T17:23:27] WARNING: Not ready for sending[2023-03-17T17:23:27] WARNING: Not ready for sending[2023-03-17T17:23:27] WARNING: Not ready for sending[2023-03-17T17:23:27] WARNING: Not ready for sending[2023-03-17T17:23:28] WARNING: Not ready for sending[2023-03-17T17:23:28] WARNING: Not ready for sending[2023-03-17T17:23:28] WARNING: Not ready for sending[2023-03-17T17:23:28] WARNING: Not ready for sending[2023-03-17T17:23:28] WARNING: Not ready for sending[2023-03-17T17:23:29] WARNING: Not ready for sending[2023-03-17T17:23:29] WARNING: Not ready for sending[2023-03-17T17:23:29] WARNING: Not ready for sending[2023-03-17T17:23:29] WARNING: Not ready for sending[2023-03-17T17:23:29] WARNING: Not ready for sending[2023-03-17T17:23:30] WARNING: Not ready for sending[2023-03-17T17:23:30] WARNING: Not ready for sending[2023-03-17T17:23:30] WARNING: Not ready for sending[2023-03-17T17:23:30] WARNING: Not ready for sending[2023-03-17T17:23:30] WARNING: Not ready for sending[2023-03-17T17:23:31] WARNING: Not ready for sending[2023-03-17T17:23:31] WARNING: Not ready for sending[2023-03-17T17:23:31] WARNING: Not ready for sending[2023-03-17T17:23:31] WARNING: Not ready for sending[2023-03-17T17:23:32] INFO: connect failed  0.0.0.0: 9999
[2023-03-17T17:23:32] INFO: Send train No: 3[2023-03-17T17:23:32] INFO: select positive return, ret 1
[2023-03-17T17:23:32] INFO: Sock 9  receive data : 178
[2023-03-17T17:23:32] INFO: unpack info 147:178:255 --- 178
[2023-03-17T17:23:32] INFO: Get ACK from SIEMENTS ack: 0[2023-03-17T17:23:32] WARNING: Not ready for sending[2023-03-17T17:23:32] WARNING: Not ready for sending[2023-03-17T17:23:32] WARNING: Not ready for sending[2023-03-17T17:23:33] WARNING: Not ready for sending[2023-03-17T17:23:33] WARNING: Not ready for sending[2023-03-17T17:23:33] WARNING: Not ready for sending[2023-03-17T17:23:33] WARNING: Not ready for sending[2023-03-17T17:23:33] WARNING: Not ready for sending[2023-03-17T17:23:34] WARNING: Not ready for sending[2023-03-17T17:23:34] WARNING: Not ready for sending[2023-03-17T17:23:34] WARNING: Not ready for sending[2023-03-17T17:23:34] WARNING: Not ready for sending[2023-03-17T17:23:34] WARNING: Not ready for sending[2023-03-17T17:23:35] WARNING: Not ready for sending[2023-03-17T17:23:35] WARNING: Not ready for sending[2023-03-17T17:23:35] WARNING: Not ready for sending[2023-03-17T17:23:35] WARNING: Not ready for sending[2023-03-17T17:23:35] WARNING: Not ready for sending[2023-03-17T17:23:36] WARNING: Not ready for sending[2023-03-17T17:23:36] WARNING: Not ready for sending[2023-03-17T17:23:36] WARNING: Not ready for sending[2023-03-17T17:23:36] WARNING: Not ready for sending[2023-03-17T17:23:36] WARNING: Not ready for sending[2023-03-17T17:23:37] WARNING: Not ready for sending[2023-03-17T17:23:37] WARNING: Not ready for sending[2023-03-17T17:23:37] WARNING: Not ready for sending[2023-03-17T17:23:37] WARNING: Not ready for sending[2023-03-17T17:23:38] WARNING: Not ready for sending[2023-03-17T17:23:38] WARNING: Not ready for sending[2023-03-17T17:23:38] WARNING: Not ready for sending[2023-03-17T17:23:38] WARNING: Not ready for sending[2023-03-17T17:23:38] WARNING: Not ready for sending[2023-03-17T17:23:39] WARNING: Not ready for sending[2023-03-17T17:23:39] WARNING: Not ready for sending[2023-03-17T17:23:39] WARNING: Not ready for sending[2023-03-17T17:23:39] WARNING: Not ready for sending[2023-03-17T17:23:39] WARNING: Not ready for sending[2023-03-17T17:23:40] WARNING: Not ready for sending[2023-03-17T17:23:40] WARNING: Not ready for sending[2023-03-17T17:23:40] WARNING: Not ready for sending[2023-03-17T17:23:40] WARNING: Not ready for sending[2023-03-17T17:23:40] WARNING: Not ready for sending[2023-03-17T17:23:41] WARNING: Not ready for sending[2023-03-17T17:23:41] WARNING: Not ready for sending[2023-03-17T17:23:41] WARNING: Not ready for sending[2023-03-17T17:23:41] WARNING: Not ready for sending[2023-03-17T17:23:41] WARNING: Not ready for sending[2023-03-17T17:23:42] INFO: connect failed  0.0.0.0: 9999
[2023-03-17T17:23:42] INFO: Send train No: 3[2023-03-17T17:23:42] INFO: select positive return, ret 1
[2023-03-17T17:23:42] INFO: Sock 10  receive data : 178
[2023-03-17T17:23:42] INFO: unpack info 147:178:255 --- 178
[2023-03-17T17:23:42] INFO: Get ACK from SIEMENTS ack: 0[2023-03-17T17:23:42] WARNING: Not ready for sending[2023-03-17T17:23:42] WARNING: Not ready for sending[2023-03-17T17:23:42] WARNING: Not ready for sending[2023-03-17T17:23:43] WARNING: Not ready for sending[2023-03-17T17:23:43] WARNING: Not ready for sending[2023-03-17T17:23:43] WARNING: Not ready for sending[2023-03-17T17:23:43] WARNING: Not ready for sending[2023-03-17T17:23:43] WARNING: Not ready for sending[2023-03-17T17:23:44] WARNING: Not ready for sending[2023-03-17T17:23:44] WARNING: Not ready for sending[2023-03-17T17:23:44] WARNING: Not ready for sending[2023-03-17T17:23:44] WARNING: Not ready for sending[2023-03-17T17:23:44] WARNING: Not ready for sending[2023-03-17T17:23:45] WARNING: Not ready for sending[2023-03-17T17:23:45] WARNING: Not ready for sending[2023-03-17T17:23:45] WARNING: Not ready for sending[2023-03-17T17:23:45] WARNING: Not ready for sending[2023-03-17T17:23:45] WARNING: Not ready for sending[2023-03-17T17:23:46] WARNING: Not ready for sending[2023-03-17T17:23:46] WARNING: Not ready for sending[2023-03-17T17:23:46] WARNING: Not ready for sending[2023-03-17T17:23:46] WARNING: Not ready for sending[2023-03-17T17:23:46] WARNING: Not ready for sending[2023-03-17T17:23:47] WARNING: Not ready for sending[2023-03-17T17:23:47] WARNING: Not ready for sending[2023-03-17T17:23:47] WARNING: Not ready for sending[2023-03-17T17:23:47] WARNING: Not ready for sending[2023-03-17T17:23:47] WARNING: Not ready for sending[2023-03-17T17:23:48] WARNING: Not ready for sending[2023-03-17T17:23:48] WARNING: Not ready for sending[2023-03-17T17:23:48] WARNING: Not ready for sending[2023-03-17T17:23:48] WARNING: Not ready for sending[2023-03-17T17:23:49] WARNING: Not ready for sending[2023-03-17T17:23:49] WARNING: Not ready for sending[2023-03-17T17:23:49] WARNING: Not ready for sending[2023-03-17T17:23:49] WARNING: Not ready for sending[2023-03-17T17:23:49] WARNING: Not ready for sending[2023-03-17T17:23:50] WARNING: Not ready for sending[2023-03-17T17:23:50] WARNING: Not ready for sending[2023-03-17T17:23:50] WARNING: Not ready for sending[2023-03-17T17:23:50] WARNING: Not ready for sending[2023-03-17T17:23:50] WARNING: Not ready for sending[2023-03-17T17:23:51] WARNING: Not ready for sending[2023-03-17T17:23:51] WARNING: Not ready for sending[2023-03-17T17:23:51] WARNING: Not ready for sending[2023-03-17T17:23:51] WARNING: Not ready for sending[2023-03-17T17:23:51] WARNING: Not ready for sending[2023-03-17T17:23:52] WARNING: Not ready for sending[2023-03-17T17:23:52] INFO: connect failed  0.0.0.0: 9999
[2023-03-17T17:23:52] INFO: Send train No: 3[2023-03-17T17:23:52] INFO: select positive return, ret 1
[2023-03-17T17:23:52] INFO: Sock 11  receive data : 178
[2023-03-17T17:23:52] INFO: unpack info 147:178:255 --- 178
[2023-03-17T17:23:52] INFO: Get ACK from SIEMENTS ack: 0[2023-03-17T17:23:52] WARNING: Not ready for sending[2023-03-17T17:23:52] WARNING: Not ready for sending[2023-03-17T17:23:53] WARNING: Not ready for sending[2023-03-17T17:23:53] WARNING: Not ready for sending[2023-03-17T17:23:53] WARNING: Not ready for sending[2023-03-17T17:23:53] WARNING: Not ready for sending[2023-03-17T17:23:53] WARNING: Not ready for sending[2023-03-17T17:23:54] WARNING: Not ready for sending[2023-03-17T17:23:54] WARNING: Not ready for sending[2023-03-17T17:23:54] WARNING: Not ready for sending[2023-03-17T17:23:54] WARNING: Not ready for sending[2023-03-17T17:23:54] WARNING: Not ready for sending[2023-03-17T17:23:55] WARNING: Not ready for sending[2023-03-17T17:23:55] WARNING: Not ready for sending[2023-03-17T17:23:55] WARNING: Not ready for sending[2023-03-17T17:23:55] WARNING: Not ready for sending[2023-03-17T17:23:55] WARNING: Not ready for sending[2023-03-17T17:26:31] INFO: connect failed  0.0.0.0: 9999
[2023-03-17T17:26:31] INFO: Send train No: 3
[2023-03-17T17:26:31] INFO: select positive return, ret 1
[2023-03-17T17:26:31] INFO: Sock 4  receive data : 178
[2023-03-17T17:26:31] INFO: unpack info 147:178:255 --- 178
[2023-03-17T17:26:31] INFO: Get ACK from SIEMENTS ack: 0[2023-03-17T17:26:58] INFO: select positive return, ret 1
[2023-03-17T17:26:58] INFO: Sock 4  receive data : 612
[2023-03-17T17:26:58] INFO: unpack info 581:612:255 --- 612
[2023-03-17T17:26:58] INFO: Send ACK Sq: 0, Errcode: 0
[2023-03-17T17:27:18] INFO: select positive return, ret 1
[2023-03-17T17:27:18] INFO: Sock 4  receive data : 612
[2023-03-17T17:27:18] INFO: unpack info 581:612:255 --- 612
[2023-03-17T17:27:18] INFO: Send ACK Sq: 1, Errcode: 0
[2023-03-17T17:28:22] INFO: select positive return, ret 1
[2023-03-17T17:28:22] INFO: Sock 4  receive data : 612
[2023-03-17T17:28:22] INFO: unpack info 581:612:255 --- 612
[2023-03-17T17:28:22] INFO: Send ACK Sq: 2, Errcode: 0
[2023-03-17T17:30:41] INFO: connect failed  0.0.0.0: 9999
[2023-03-17T17:30:41] INFO: Send train No: 3
[2023-03-17T17:30:41] INFO: select positive return, ret 1
[2023-03-17T17:30:41] INFO: Sock 4  receive data : 178
[2023-03-17T17:30:41] INFO: unpack info 147:178:255 --- 178
[2023-03-17T17:30:41] INFO: Get ACK from SIEMENTS ack: 0[2023-03-17T17:30:54] INFO: select positive return, ret 1
[2023-03-17T17:30:54] INFO: Sock 4  receive data : 612
[2023-03-17T17:30:54] INFO: unpack info 581:612:255 --- 612
[2023-03-17T17:30:54] INFO: Send ACK Sq: 0, Errcode: 0
[2023-03-17T19:15:15] INFO: connect failed  0.0.0.0: 9999
[2023-03-17T19:15:15] INFO: Send train No: 3
[2023-03-17T19:15:16] INFO: select positive return, ret 1
[2023-03-17T19:15:16] INFO: Sock 4  receive data : 178
[2023-03-17T19:15:16] INFO: unpack info 147:178:255 --- 178
[2023-03-17T19:15:16] INFO: Get ACK from SIEMENTS ack: 0[2023-03-17T19:17:23] INFO: connect server  0.0.0.0: 9999
[2023-03-17T19:17:23] INFO: Send train No: 3
[2023-03-17T19:17:23] INFO: select positive return, ret 1
[2023-03-17T19:17:23] INFO: Sock 4  receive data : 178
[2023-03-17T19:17:23] INFO: unpack info 147:178:255 --- 178
[2023-03-17T19:17:23] INFO: Get ACK from SIEMENTS ack: 0[2023-03-17T19:18:06] INFO: select positive return, ret 1
[2023-03-17T19:18:06] INFO: Sock 4  receive data : 612
[2023-03-17T19:18:06] INFO: unpack info 581:612:255 --- 612
[2023-03-17T19:18:06] INFO: Send ACK Sq: 0, Errcode: 0
[2023-03-17T19:19:11] INFO: select positive return, ret 1
[2023-03-17T19:19:11] INFO: Sock 4  receive data : 612
[2023-03-17T19:19:11] INFO: unpack info 581:612:255 --- 612
[2023-03-17T19:19:11] INFO: Send ACK Sq: 1, Errcode: 0
[2023-03-17T19:22:58] INFO: connect server  0.0.0.0: 9999
[2023-03-17T19:22:58] INFO: Send train No: 3
[2023-03-17T19:22:59] INFO: select positive return, ret 1
[2023-03-17T19:22:59] INFO: Sock 4  receive data : 178
[2023-03-17T19:22:59] INFO: unpack info 147:178:255 --- 178
[2023-03-17T19:22:59] INFO: Get ACK from SIEMENTS ack: 0[2023-03-17T19:23:25] INFO: select positive return, ret 1
[2023-03-17T19:23:25] INFO: Sock 4  receive data : 612
[2023-03-17T19:23:25] INFO: unpack info 581:612:255 --- 612
[2023-03-17T19:23:25] INFO: Send ACK Sq: 0, Errcode: 0
[2023-03-17T19:30:50] INFO: connect server  0.0.0.0: 9999
[2023-03-17T19:30:50] INFO: Send train No: 3
[2023-03-17T19:30:50] INFO: select positive return, ret 1
[2023-03-17T19:30:50] INFO: Sock 4  receive data : 178
[2023-03-17T19:30:50] INFO: unpack info 147:178:255 --- 178
[2023-03-17T19:30:50] INFO: Get ACK from SIEMENTS ack: 0[2023-03-17T19:31:01] INFO: select positive return, ret 1
[2023-03-17T19:31:01] INFO: Sock 4  receive data : 612
[2023-03-17T19:31:01] INFO: unpack info 581:612:255 --- 612
[2023-03-17T19:31:01] ERROR: Parse xml time failure2 202302171725:202304171212 
[2023-03-17T19:31:01] INFO: Send ACK Sq: 0, Errcode: 1
[2023-03-17T19:31:20] INFO: select positive return, ret 1
[2023-03-17T19:31:20] INFO: Sock 4  receive data : 612
[2023-03-17T19:31:20] INFO: unpack info 581:612:255 --- 612
[2023-03-17T19:31:20] ERROR: Parse xml time failure2 202303171925:202304171212 
[2023-03-17T19:31:20] INFO: Send ACK Sq: 1, Errcode: 1
[2023-03-17T19:32:24] INFO: select positive return, ret 1
[2023-03-17T19:32:24] INFO: Sock 4  receive data : 612
[2023-03-17T19:32:24] INFO: unpack info 581:612:255 --- 612
[2023-03-17T19:32:24] ERROR: Parse xml time failure2 202303171955:202304171212 
[2023-03-17T19:32:24] INFO: Send ACK Sq: 2, Errcode: 1
[2023-03-17T19:34:37] INFO: connect server  0.0.0.0: 9999
[2023-03-17T19:34:37] INFO: Send train No: 3
[2023-03-17T19:34:37] INFO: select positive return, ret 1
[2023-03-17T19:34:37] INFO: Sock 4  receive data : 178
[2023-03-17T19:34:37] INFO: unpack info 147:178:255 --- 178
[2023-03-17T19:34:37] INFO: Get ACK from SIEMENTS ack: 0[2023-03-17T19:35:00] INFO: select positive return, ret 1
[2023-03-17T19:35:00] INFO: Sock 4  receive data : 612
[2023-03-17T19:35:00] INFO: unpack info 581:612:255 --- 612
[2023-03-17T19:35:00] ERROR: Parse xml time failure2 -529934700:-527284080 
[2023-03-17T19:35:00] INFO: Send ACK Sq: 0, Errcode: 1
[2023-03-17T19:43:41] INFO: connect server  0.0.0.0: 9999
[2023-03-17T19:43:41] INFO: Send train No: 3
[2023-03-17T19:43:41] INFO: select positive return, ret 1
[2023-03-17T19:43:41] INFO: Sock 4  receive data : 178
[2023-03-17T19:43:41] INFO: unpack info 147:178:255 --- 178
[2023-03-17T19:43:41] INFO: Get ACK from SIEMENTS ack: 0[2023-03-17T19:43:48] INFO: select positive return, ret 1
[2023-03-17T19:43:48] INFO: Sock 4  receive data : 612
[2023-03-17T19:43:48] INFO: unpack info 581:612:255 --- 612
[2023-03-17T19:43:48] ERROR: Parse time is invalid 202302171725:202304171212 
[2023-03-17T19:43:48] INFO: Send ACK Sq: 0, Errcode: 4
[2023-03-17T19:44:05] INFO: select positive return, ret 1
[2023-03-17T19:44:05] INFO: Sock 4  receive data : 612
[2023-03-17T19:44:05] INFO: unpack info 581:612:255 --- 612
[2023-03-17T19:44:05] INFO: Send ACK Sq: 1, Errcode: 0
